Fighter (100/100) - 5
You arrive to an empty room
You see corridors labeled from 0 to 3. Which one will you choose?
Fighter (100/100) - 5
You encounter a smaller dragon
Dragon (35/35) - 10
You deal 5 damage to the dragon and leave it with 30 health
The dragon deals 0 damage to you and leaves you with 100 health
You deal 5 damage to the dragon and leave it with 25 health
The dragon deals 5 damage to you and leaves you with 95 health
You deal 5 damage to the dragon and leave it with 20 health
The dragon deals 5 damage to you and leaves you with 90 health
You deal 5 damage to the dragon and leave it with 15 health
The dragon deals 5 damage to you and leaves you with 85 health
You deal 5 damage to the dragon and leave it with 10 health
The dragon deals 0 damage to you and leaves you with 85 health
You deal 5 damage to the dragon and leave it with 5 health
The dragon deals 5 damage to you and leaves you with 80 health
You deal 5 damage to the dragon and leave it with 0 health
You defeat the dragon and go on with your journey
The room continues and opens up to the outside. You won against the dungeon
